Insertion Sort:

Runtime: 0 ms for 1000 elements
Runtime: 10 ms for 4000 elements
Runtime: 39 ms for 8000 elements
Runtime: 60 ms for 10000 elements
Runtime: 994 ms for 40000 elements
Runtime: 3944 ms for 80000 elements
Runtime: 6190 ms for 100000 elements
Runtime: 100266 ms for 400000 elements
Runtime: 395160 ms for 800000 elements
Runtime: 618487 ms for 1000000 elements

Runtime: 0 ms for 1000 elements
Runtime: 13 ms for 4000 elements
Runtime: 45 ms for 8000 elements
Runtime: 59 ms for 10000 elements
Runtime: 953 ms for 40000 elements
Runtime: 4014 ms for 80000 elements
Runtime: 6272 ms for 100000 elements
Runtime: 104363 ms for 400000 elements
Runtime: 395642 ms for 800000 elements
Runtime: 619473 ms for 1000000 elements

Runtime: 0 ms for 1000 elements
Runtime: 12 ms for 4000 elements
Runtime: 37 ms for 8000 elements
Runtime: 58 ms for 10000 elements
Runtime: 972 ms for 40000 elements
Runtime: 3919 ms for 80000 elements
Runtime: 6072 ms for 100000 elements
Runtime: 108383 ms for 400000 elements
Runtime: 395160 ms for 800000 elements
Runtime: 600313 ms for 1000000 elements

Merge Sort:

Run: 1
Runtime: 0 ms for 1000 elements
Runtime: 0 ms for 4000 elements
Runtime: 1 ms for 8000 elements
Runtime: 1 ms for 10000 elements
Runtime: 6 ms for 40000 elements
Runtime: 14 ms for 80000 elements
Runtime: 17 ms for 100000 elements
Runtime: 78 ms for 400000 elements
Runtime: 165 ms for 800000 elements
Runtime: 210 ms for 1000000 elements

Run: 2
Runtime: 0 ms for 1000 elements
Runtime: 0 ms for 4000 elements
Runtime: 1 ms for 8000 elements
Runtime: 1 ms for 10000 elements
Runtime: 6 ms for 40000 elements
Runtime: 14 ms for 80000 elements
Runtime: 17 ms for 100000 elements
Runtime: 78 ms for 400000 elements
Runtime: 168 ms for 800000 elements
Runtime: 223 ms for 1000000 elements

Run: 3
Runtime: 0 ms for 1000 elements
Runtime: 0 ms for 4000 elements
Runtime: 1 ms for 8000 elements
Runtime: 1 ms for 10000 elements
Runtime: 6 ms for 40000 elements
Runtime: 14 ms for 80000 elements
Runtime: 17 ms for 100000 elements
Runtime: 79 ms for 400000 elements
Runtime: 164 ms for 800000 elements
Runtime: 215 ms for 1000000 elements

Heap Sort:

Run: 1
Runtime: 0 ms for 1000 elements
Runtime: 0 ms for 4000 elements
Runtime: 1 ms for 8000 elements
Runtime: 1 ms for 10000 elements
Runtime: 6 ms for 40000 elements
Runtime: 14 ms for 80000 elements
Runtime: 17 ms for 100000 elements
Runtime: 78 ms for 400000 elements
Runtime: 164 ms for 800000 elements
Runtime: 209 ms for 1000000 elements

Run: 2
Runtime: 0 ms for 1000 elements
Runtime: 0 ms for 4000 elements
Runtime: 1 ms for 8000 elements
Runtime: 1 ms for 10000 elements
Runtime: 6 ms for 40000 elements
Runtime: 14 ms for 80000 elements
Runtime: 17 ms for 100000 elements
Runtime: 78 ms for 400000 elements
Runtime: 164 ms for 800000 elements
Runtime: 209 ms for 1000000 elements

Run: 3
Runtime: 0 ms for 1000 elements
Runtime: 0 ms for 4000 elements
Runtime: 1 ms for 8000 elements
Runtime: 1 ms for 10000 elements
Runtime: 6 ms for 40000 elements
Runtime: 14 ms for 80000 elements
Runtime: 17 ms for 100000 elements
Runtime: 78 ms for 400000 elements
Runtime: 165 ms for 800000 elements
Runtime: 209 ms for 1000000 elements

Quick Sort:

Run: 1
Runtime: 0 ms for 1000 elements
Runtime: 0 ms for 4000 elements
Runtime: 1 ms for 8000 elements
Runtime: 1 ms for 10000 elements
Runtime: 7 ms for 40000 elements
Runtime: 16 ms for 80000 elements
Runtime: 22 ms for 100000 elements
Runtime: 97 ms for 400000 elements
Runtime: 204 ms for 800000 elements
Runtime: 260 ms for 1000000 elements

Run: 2
Runtime: 0 ms for 1000 elements
Runtime: 0 ms for 4000 elements
Runtime: 1 ms for 8000 elements
Runtime: 1 ms for 10000 elements
Runtime: 7 ms for 40000 elements
Runtime: 16 ms for 80000 elements
Runtime: 22 ms for 100000 elements
Runtime: 98 ms for 400000 elements
Runtime: 204 ms for 800000 elements
Runtime: 260 ms for 1000000 elements

Run: 3
Runtime: 0 ms for 1000 elements
Runtime: 0 ms for 4000 elements
Runtime: 1 ms for 8000 elements
Runtime: 1 ms for 10000 elements
Runtime: 8 ms for 40000 elements
Runtime: 17 ms for 80000 elements
Runtime: 21 ms for 100000 elements
Runtime: 97 ms for 400000 elements
Runtime: 204 ms for 800000 elements
Runtime: 260 ms for 1000000 elements

Selection Sort:

Run: 1
Runtime: 1 ms for 1000 elements
Runtime: 18 ms for 4000 elements
Runtime: 73 ms for 8000 elements
Runtime: 106 ms for 10000 elements
Runtime: 1674 ms for 40000 elements
Runtime: 6867 ms for 80000 elements
Runtime: 11719 ms for 100000 elements
Runtime: 180876 ms for 400000 elements
Runtime: 701183 ms for 800000 elements
Runtime: 1072881 ms for 1000000 elements

Run: 2
Runtime: 1 ms for 1000 elements
Runtime: 16 ms for 4000 elements
Runtime: 66 ms for 8000 elements
Runtime: 104 ms for 10000 elements
Runtime: 1666 ms for 40000 elements
Runtime: 6616 ms for 80000 elements
Runtime: 10360 ms for 100000 elements
Runtime: 168172 ms for 400000 elements
Runtime: 699173 ms for 800000 elements
Runtime: 1066783 ms for 1000000 elements

Run: 3
Runtime: 1 ms for 1000 elements
Runtime: 17 ms for 4000 elements
Runtime: 69 ms for 8000 elements
Runtime: 110 ms for 10000 elements
Runtime: 1654 ms for 40000 elements
Runtime: 6576 ms for 80000 elements
Runtime: 10543 ms for 100000 elements
Runtime: 173152 ms for 400000 elements
Runtime: 701073 ms for 800000 elements
Runtime: 1069453 ms for 1000000 elements

Bubble Sort:

Run: 1
Runtime: 4 ms for 1000 elements
Runtime: 74 ms for 4000 elements
Runtime: 302 ms for 8000 elements
Runtime: 474 ms for 10000 elements
Runtime: 7720 ms for 40000 elements
Runtime: 30849 ms for 80000 elements
Runtime: 48272 ms for 100000 elements
Runtime: 772437 ms for 400000 elements
Runtime: 3073936 ms for 800000 elements
Runtime: 4788827 ms for 1000000 elements

Run: 2
Runtime: 4 ms for 1000 elements
Runtime: 74 ms for 4000 elements
Runtime: 304 ms for 8000 elements
Runtime: 472 ms for 10000 elements
Runtime: 7641 ms for 40000 elements
Runtime: 30711 ms for 80000 elements
Runtime: 47854 ms for 100000 elements
Runtime: 765781 ms for 400000 elements
Runtime: 3062525 ms for 800000 elements
Runtime: 4801829 ms for 1000000 elements

Run: 3
Runtime: 4 ms for 1000 elements
Runtime: 74 ms for 4000 elements
Runtime: 300 ms for 8000 elements
Runtime: 474 ms for 10000 elements
Runtime: 7790 ms for 40000 elements
Runtime: 30559 ms for 80000 elements
Runtime: 48096 ms for 100000 elements
Runtime: 767455 ms for 400000 elements
Runtime: 3066829 ms for 800000 elements
Runtime: 4797629 ms for 1000000 elements
